# Logfile created on 2014-05-27 04:08:11 -0400 by logger.rb/31641
I, [2014-05-27T04:08:11.075108 #352126]  INFO -- : 0:  rake (10.3.1) from /var/lib/stickshift/5380874d4382ecb182000174/app-root/data/lib/ruby/gems/specifications/rake-10.3.1.gemspec
I, [2014-05-27T04:08:11.076068 #352126]  INFO -- : 0:  i18n (0.6.9) from /usr/libexec/openshift/cartridges/c9-0.1/root/lib/ruby/gems/specifications/i18n-0.6.9.gemspec
I, [2014-05-27T04:08:12.961819 #352126]  INFO -- : 0:  multi_json (1.10.0) from /var/lib/stickshift/5380874d4382ecb182000174/app-root/data/lib/ruby/gems/specifications/multi_json-1.10.0.gemspec
I, [2014-05-27T04:08:19.586335 #352126]  INFO -- : 0:  activesupport (3.2.18) from /var/lib/stickshift/5380874d4382ecb182000174/app-root/data/lib/ruby/gems/specifications/activesupport-3.2.18.gemspec
I, [2014-05-27T04:08:20.785024 #352126]  INFO -- : 0:  builder (3.0.4) from /var/lib/stickshift/5380874d4382ecb182000174/app-root/data/lib/ruby/gems/specifications/builder-3.0.4.gemspec
I, [2014-05-27T04:08:22.645991 #352126]  INFO -- : 0:  activemodel (3.2.18) from /var/lib/stickshift/5380874d4382ecb182000174/app-root/data/lib/ruby/gems/specifications/activemodel-3.2.18.gemspec
I, [2014-05-27T04:08:22.646877 #352126]  INFO -- : 0:  erubis (2.7.0) from /usr/libexec/openshift/cartridges/c9-0.1/root/lib/ruby/gems/specifications/erubis-2.7.0.gemspec
I, [2014-05-27T04:08:24.955120 #352126]  INFO -- : 0:  journey (1.0.4) from /var/lib/stickshift/5380874d4382ecb182000174/app-root/data/lib/ruby/gems/specifications/journey-1.0.4.gemspec
I, [2014-05-27T04:08:30.869395 #352126]  INFO -- : 0:  rack (1.4.5) from /var/lib/stickshift/5380874d4382ecb182000174/app-root/data/lib/ruby/gems/specifications/rack-1.4.5.gemspec
I, [2014-05-27T04:08:32.773757 #352126]  INFO -- : 0:  rack-cache (1.2) from /var/lib/stickshift/5380874d4382ecb182000174/app-root/data/lib/ruby/gems/specifications/rack-cache-1.2.gemspec
I, [2014-05-27T04:08:32.774637 #352126]  INFO -- : 0:  rack-test (0.6.2) from /usr/libexec/openshift/cartridges/c9-0.1/root/lib/ruby/gems/specifications/rack-test-0.6.2.gemspec
I, [2014-05-27T04:08:32.775194 #352126]  INFO -- : 0:  hike (1.2.3) from /usr/libexec/openshift/cartridges/c9-0.1/root/lib/ruby/gems/specifications/hike-1.2.3.gemspec
I, [2014-05-27T04:08:32.775867 #352126]  INFO -- : 0:  tilt (1.4.1) from /usr/libexec/openshift/cartridges/c9-0.1/root/lib/ruby/gems/specifications/tilt-1.4.1.gemspec
I, [2014-05-27T04:08:34.263554 #352126]  INFO -- : 0:  sprockets (2.2.2) from /var/lib/stickshift/5380874d4382ecb182000174/app-root/data/lib/ruby/gems/specifications/sprockets-2.2.2.gemspec
I, [2014-05-27T04:08:40.674355 #352126]  INFO -- : 0:  actionpack (3.2.18) from /var/lib/stickshift/5380874d4382ecb182000174/app-root/data/lib/ruby/gems/specifications/actionpack-3.2.18.gemspec
I, [2014-05-27T04:08:40.677033 #352126]  INFO -- : 0:  mime-types (1.25.1) from /usr/libexec/openshift/cartridges/c9-0.1/root/lib/ruby/gems/specifications/mime-types-1.25.1.gemspec
I, [2014-05-27T04:08:41.383622 #352126]  INFO -- : 0:  polyglot (0.3.4) from /var/lib/stickshift/5380874d4382ecb182000174/app-root/data/lib/ruby/gems/specifications/polyglot-0.3.4.gemspec
I, [2014-05-27T04:08:41.384524 #352126]  INFO -- : 0:  treetop (1.4.15) from /usr/libexec/openshift/cartridges/c9-0.1/root/lib/ruby/gems/specifications/treetop-1.4.15.gemspec
I, [2014-05-27T04:08:41.385351 #352126]  INFO -- : 0:  mail (2.5.4) from /usr/libexec/openshift/cartridges/c9-0.1/root/lib/ruby/gems/specifications/mail-2.5.4.gemspec
I, [2014-05-27T04:08:43.160741 #352126]  INFO -- : 0:  actionmailer (3.2.18) from /var/lib/stickshift/5380874d4382ecb182000174/app-root/data/lib/ruby/gems/specifications/actionmailer-3.2.18.gemspec
I, [2014-05-27T04:08:49.254710 #352126]  INFO -- : 0:  arel (3.0.3) from /var/lib/stickshift/5380874d4382ecb182000174/app-root/data/lib/ruby/gems/specifications/arel-3.0.3.gemspec
I, [2014-05-27T04:09:07.164542 #352126]  INFO -- : 0:  tzinfo (0.3.39) from /var/lib/stickshift/5380874d4382ecb182000174/app-root/data/lib/ruby/gems/specifications/tzinfo-0.3.39.gemspec
I, [2014-05-27T04:09:13.259270 #352126]  INFO -- : 0:  activerecord (3.2.18) from /var/lib/stickshift/5380874d4382ecb182000174/app-root/data/lib/ruby/gems/specifications/activerecord-3.2.18.gemspec
I, [2014-05-27T04:09:14.495269 #352126]  INFO -- : 0:  activeresource (3.2.18) from /var/lib/stickshift/5380874d4382ecb182000174/app-root/data/lib/ruby/gems/specifications/activeresource-3.2.18.gemspec
I, [2014-05-27T04:09:15.155772 #352126]  INFO -- : 0:  coffee-script-source (1.7.0) from /var/lib/stickshift/5380874d4382ecb182000174/app-root/data/lib/ruby/gems/specifications/coffee-script-source-1.7.0.gemspec
I, [2014-05-27T04:09:15.156873 #352126]  INFO -- : 0:  execjs (2.0.2) from /usr/libexec/openshift/cartridges/c9-0.1/root/lib/ruby/gems/specifications/execjs-2.0.2.gemspec
I, [2014-05-27T04:09:15.157428 #352126]  INFO -- : 0:  coffee-script (2.2.0) from /usr/libexec/openshift/cartridges/c9-0.1/root/lib/ruby/gems/specifications/coffee-script-2.2.0.gemspec
I, [2014-05-27T04:09:16.061034 #352126]  INFO -- : 0:  rack-ssl (1.3.4) from /var/lib/stickshift/5380874d4382ecb182000174/app-root/data/lib/ruby/gems/specifications/rack-ssl-1.3.4.gemspec
I, [2014-05-27T04:09:16.064329 #352126]  INFO -- : 0:  json (1.8.1) from /usr/libexec/openshift/cartridges/c9-0.1/root/lib/ruby/gems/specifications/json-1.8.1.gemspec
I, [2014-05-27T04:09:23.272459 #352126]  INFO -- : 0:  rdoc (3.12.2) from /var/lib/stickshift/5380874d4382ecb182000174/app-root/data/lib/ruby/gems/specifications/rdoc-3.12.2.gemspec
I, [2014-05-27T04:09:27.260194 #352126]  INFO -- : 0:  thor (0.19.1) from /var/lib/stickshift/5380874d4382ecb182000174/app-root/data/lib/ruby/gems/specifications/thor-0.19.1.gemspec
I, [2014-05-27T04:09:46.381062 #352126]  INFO -- : 0:  railties (3.2.18) from /var/lib/stickshift/5380874d4382ecb182000174/app-root/data/lib/ruby/gems/specifications/railties-3.2.18.gemspec
I, [2014-05-27T04:09:47.890414 #352126]  INFO -- : 0:  coffee-rails (3.2.2) from /var/lib/stickshift/5380874d4382ecb182000174/app-root/data/lib/ruby/gems/specifications/coffee-rails-3.2.2.gemspec
I, [2014-05-27T04:09:49.158101 #352126]  INFO -- : 0:  columnize (0.8.9) from /var/lib/stickshift/5380874d4382ecb182000174/app-root/data/lib/ruby/gems/specifications/columnize-0.8.9.gemspec
I, [2014-05-27T04:09:50.883218 #352126]  INFO -- : 0:  debugger-linecache (1.2.0) from /var/lib/stickshift/5380874d4382ecb182000174/app-root/data/lib/ruby/gems/specifications/debugger-linecache-1.2.0.gemspec
I, [2014-05-27T04:10:22.230947 #352126]  INFO -- : 0:  debugger-ruby_core_source (1.3.2) from /var/lib/stickshift/5380874d4382ecb182000174/app-root/data/lib/ruby/gems/specifications/debugger-ruby_core_source-1.3.2.gemspec
I, [2014-05-27T04:10:41.173724 #352126]  INFO -- : 0:  debugger (1.6.6) from /var/lib/stickshift/5380874d4382ecb182000174/app-root/data/lib/ruby/gems/specifications/debugger-1.6.6.gemspec
I, [2014-05-27T04:10:44.763244 #352126]  INFO -- : 0:  haml (4.0.5) from /var/lib/stickshift/5380874d4382ecb182000174/app-root/data/lib/ruby/gems/specifications/haml-4.0.5.gemspec
I, [2014-05-27T04:10:46.156142 #352126]  INFO -- : 0:  jquery-rails (3.1.0) from /var/lib/stickshift/5380874d4382ecb182000174/app-root/data/lib/ruby/gems/specifications/jquery-rails-3.1.0.gemspec
I, [2014-05-27T04:10:46.157537 #352126]  INFO -- : 0:  bundler (1.5.1) from /usr/libexec/openshift/cartridges/c9-0.1/root/lib/ruby/gems/specifications/bundler-1.5.1.gemspec
I, [2014-05-27T04:10:46.879375 #352126]  INFO -- : 0:  rails (3.2.18) from /var/lib/stickshift/5380874d4382ecb182000174/app-root/data/lib/ruby/gems/specifications/rails-3.2.18.gemspec
I, [2014-05-27T04:10:58.371501 #352126]  INFO -- : 0:  sass (3.3.7) from /var/lib/stickshift/5380874d4382ecb182000174/app-root/data/lib/ruby/gems/specifications/sass-3.3.7.gemspec
I, [2014-05-27T04:11:08.867901 #352126]  INFO -- : 0:  sass-rails (3.2.6) from /var/lib/stickshift/5380874d4382ecb182000174/app-root/data/lib/ruby/gems/specifications/sass-rails-3.2.6.gemspec
I, [2014-05-27T04:11:29.563299 #352126]  INFO -- : 0:  sqlite3 (1.3.9) from /var/lib/stickshift/5380874d4382ecb182000174/app-root/data/lib/ruby/gems/specifications/sqlite3-1.3.9.gemspec
I, [2014-05-27T04:11:31.270430 #352126]  INFO -- : 0:  uglifier (2.5.0) from /var/lib/stickshift/5380874d4382ecb182000174/app-root/data/lib/ruby/gems/specifications/uglifier-2.5.0.gemspec
